#-----------------------------------------------------------
# PlanAhead v14.7 (64-bit)
# Build 321239 by xbuild on Fri Sep 27 19:24:36 MDT 2013
# Start of session at: Wed Aug 13 21:56:40 2014
# Process ID: 30338
# Log file: /home/daniw/data/ele/prj/fpga-test/sp605/demo/planAhead_run_2/planAhead.log
# Journal file: /home/daniw/data/ele/prj/fpga-test/sp605/demo/planAhead_run_2/planAhead.jou
#-----------------------------------------------------------
INFO: [Common 17-78] Attempting to get a license: PlanAhead
INFO: [Common 17-290] Got license for PlanAhead
INFO: [Device 21-36] Loading parts and site information from /opt/Xilinx/14.7/ISE_DS/PlanAhead/data/parts/arch.xml
Parsing RTL primitives file [/opt/Xilinx/14.7/ISE_DS/PlanAhead/data/parts/xilinx/rtl/prims/rtl_prims.xml]
Finished parsing RTL primitives file [/opt/Xilinx/14.7/ISE_DS/PlanAhead/data/parts/xilinx/rtl/prims/rtl_prims.xml]
start_gui
source /home/daniw/data/ele/prj/fpga-test/sp605/demo/pa.fromHdl.tcl
# create_project -name demo -dir "/home/daniw/data/ele/prj/fpga-test/sp605/demo/planAhead_run_2" -part xc6slx45tfgg484-3
# set_param project.pinAheadLayout yes
# set srcset [get_property srcset [current_run -impl]]
# set_property target_constrs_file "demo.ucf" [current_fileset -constrset]
Adding file '/home/daniw/data/ele/prj/fpga-test/sp605/demo/demo.ucf' to fileset 'constrs_1'
# set hdlfile [add_files [list {inv.vhd}]]
# set_property file_type VHDL $hdlfile
# set_property library work $hdlfile
# set hdlfile [add_files [list {clk_div.vhd}]]
# set_property file_type VHDL $hdlfile
# set_property library work $hdlfile
# set hdlfile [add_files [list {blink.vhd}]]
# set_property file_type VHDL $hdlfile
# set_property library work $hdlfile
# set hdlfile [add_files [list {demo.vhd}]]
# set_property file_type VHDL $hdlfile
# set_property library work $hdlfile
# set_property top demo $srcset
# add_files [list {demo.ucf}] -fileset [get_property constrset [current_run]]
# open_rtl_design -part xc6slx45tfgg484-3
Using Verific elaboration
Parsing VHDL file "/opt/Xilinx/14.7/ISE_DS/PlanAhead/data/parts/xilinx/rtl/lib/synplify/synattr.vhd" into library synplify
Parsing VHDL file "/opt/Xilinx/14.7/ISE_DS/PlanAhead/data/parts/xilinx/rtl/lib/synplify/synattr.vhd" into library synplify
Parsing VHDL file "/home/daniw/data/ele/prj/fpga-test/sp605/demo/inv.vhd" into library work
Parsing VHDL file "/home/daniw/data/ele/prj/fpga-test/sp605/demo/clk_div.vhd" into library work
Parsing VHDL file "/home/daniw/data/ele/prj/fpga-test/sp605/demo/blink.vhd" into library work
Parsing VHDL file "/home/daniw/data/ele/prj/fpga-test/sp605/demo/demo.vhd" into library work
Loading clock regions from /opt/Xilinx/14.7/ISE_DS/PlanAhead/data/parts/xilinx/spartan6/spartan6lxt/xc6slx45t/ClockRegion.xml
Loading clock buffers from /opt/Xilinx/14.7/ISE_DS/PlanAhead/data/parts/xilinx/spartan6/spartan6lxt/xc6slx45t/ClockBuffers.xml
Loading package pin functions from /opt/Xilinx/14.7/ISE_DS/PlanAhead/data/parts/xilinx/spartan6/PinFunctions.xml...
Loading package from /opt/Xilinx/14.7/ISE_DS/PlanAhead/data/parts/xilinx/spartan6/spartan6lxt/xc6slx45t/fgg484/Package.xml
Loading io standards from /opt/Xilinx/14.7/ISE_DS/PlanAhead/data/./parts/xilinx/spartan6/IOStandards.xml
Loading device configuration modes from /opt/Xilinx/14.7/ISE_DS/PlanAhead/data/parts/xilinx/spartan6/ConfigModes.xml
Loading list of drcs for the architecture : /opt/Xilinx/14.7/ISE_DS/PlanAhead/data/./parts/xilinx/spartan6/drc.xml
Parsing UCF File [/home/daniw/data/ele/prj/fpga-test/sp605/demo/demo.ucf]
Finished Parsing UCF File [/home/daniw/data/ele/prj/fpga-test/sp605/demo/demo.ucf]
INFO: [Project 1-111] Unisim Transformation Summary:
No Unisim elements were transformed.

Phase 0 | Netlist Checksum: 83ea5254
open_rtl_design: Time (s): cpu = 00:00:20 ; elapsed = 00:00:10 . Memory (MB): peak = 2848.926 ; gain = 175.379
update_compile_order -fileset sim_1
exit
ERROR: [#UNDEF] *** Exception: ui.h.b: Found deleted key in HTclEventBroker. Verify if the classes listed here call cleanup()
HTclEvent: DEBUG_CORE_CONFIG_CHANGE   Classes: ui.views.aR 
HTclEvent: SIGNAL_BUS_MODIFY   Classes: ui.views.aR 
HTclEvent: DEBUG_PORT_CONFIG_CHANGE   Classes: ui.views.aR 
HTclEvent: SIGNAL_MODIFY   Classes: ui.views.aR 
 (See /home/daniw/data/ele/prj/fpga-test/sp605/demo/planAhead_pid30338.debug)
ERROR: [Common 17-39] 'stop_gui' failed due to earlier errors.
INFO: [Common 17-206] Exiting PlanAhead at Wed Aug 13 22:00:22 2014...
INFO: [Common 17-83] Releasing license: PlanAhead
